 2018-10-03 17:14:05.208 DEBUG C02VJ0KCHTDG --- [tp1680684273-20] c.e.d.RequestLoggerFactory               : (bc27eb4a-eb95-47e6-a824-cf5d150fa8f9) create logger factory for bc27eb4a-eb95-47e6-a824-cf5d150fa8f9
 2018-10-03 17:14:05.521 DEBUG C02VJ0KCHTDG --- [tp1680684273-20] c.e.d.RequestLogger                      : (bc27eb4a-eb95-47e6-a824-cf5d150fa8f9) requesting https://b0.shp.tw1.yahoo.com:4443/v4/productBundles/7368595
 2018-10-03 17:14:05.528 DEBUG C02VJ0KCHTDG --- [tp1680684273-20] c.e.d.RequestLogger                      : (bc27eb4a-eb95-47e6-a824-cf5d150fa8f9) requesting http://httpbin.org/get?foo=bar
 2018-10-03 17:14:05.531 DEBUG C02VJ0KCHTDG --- [tp1680684273-20] c.e.d.RequestLogger                      : (bc27eb4a-eb95-47e6-a824-cf5d150fa8f9) requesting http://ws0.shp.tw1.yahoo.com:4080/Webservice/GetGdData?gdid=7368595
 2018-10-03 17:14:05.715 DEBUG C02VJ0KCHTDG --- [cHttpClient-3-3] c.e.d.RequestLogger                      : (bc27eb4a-eb95-47e6-a824-cf5d150fa8f9) complete request http://ws0.shp.tw1.yahoo.com:4080/Webservice/GetGdData?gdid=7368595 in 184 ms
 2018-10-03 17:14:05.826 DEBUG C02VJ0KCHTDG --- [cHttpClient-3-1] c.e.d.RequestLogger                      : (bc27eb4a-eb95-47e6-a824-cf5d150fa8f9) complete request https://b0.shp.tw1.yahoo.com:4443/v4/productBundles/7368595 in 305 ms
 2018-10-03 17:14:06.049 DEBUG C02VJ0KCHTDG --- [cHttpClient-3-2] c.e.d.RequestLogger                      : (bc27eb4a-eb95-47e6-a824-cf5d150fa8f9) complete request http://httpbin.org/get?foo=bar in 521 ms
 2018-10-03 17:14:06.050 DEBUG C02VJ0KCHTDG --- [tp1680684273-20] c.e.d.SampleClient                       : (bc27eb4a-eb95-47e6-a824-cf5d150fa8f9) all service has been fetch
 2018-10-03 17:14:51.425 DEBUG C02VJ0KCHTDG --- [tp1680684273-23] c.e.d.RequestLoggerFactory               : (aa4ad7b6-2772-4004-a757-5e8505c59892) create logger factory for aa4ad7b6-2772-4004-a757-5e8505c59892
 2018-10-03 17:14:51.428 DEBUG C02VJ0KCHTDG --- [tp1680684273-23] c.e.d.RequestLogger                      : (aa4ad7b6-2772-4004-a757-5e8505c59892) requesting https://b0.shp.tw1.yahoo.com:4443/v4/productBundles/7368595
 2018-10-03 17:14:51.435 DEBUG C02VJ0KCHTDG --- [tp1680684273-23] c.e.d.RequestLogger                      : (aa4ad7b6-2772-4004-a757-5e8505c59892) requesting http://httpbin.org/get?foo=bar
 2018-10-03 17:14:51.438 DEBUG C02VJ0KCHTDG --- [tp1680684273-23] c.e.d.RequestLogger                      : (aa4ad7b6-2772-4004-a757-5e8505c59892) requesting http://ws0.shp.tw1.yahoo.com:4080/Webservice/GetGdData?gdid=7368595
 2018-10-03 17:14:51.559 DEBUG C02VJ0KCHTDG --- [cHttpClient-3-6] c.e.d.RequestLogger                      : (aa4ad7b6-2772-4004-a757-5e8505c59892) complete request http://ws0.shp.tw1.yahoo.com:4080/Webservice/GetGdData?gdid=7368595 in 121 ms
 2018-10-03 17:14:51.589 DEBUG C02VJ0KCHTDG --- [cHttpClient-3-4] c.e.d.RequestLogger                      : (aa4ad7b6-2772-4004-a757-5e8505c59892) complete request https://b0.shp.tw1.yahoo.com:4443/v4/productBundles/7368595 in 161 ms
 2018-10-03 17:14:51.920 DEBUG C02VJ0KCHTDG --- [cHttpClient-3-5] c.e.d.RequestLogger                      : (aa4ad7b6-2772-4004-a757-5e8505c59892) complete request http://httpbin.org/get?foo=bar in 485 ms
 2018-10-03 17:14:51.921 DEBUG C02VJ0KCHTDG --- [tp1680684273-23] c.e.d.SampleClient                       : (aa4ad7b6-2772-4004-a757-5e8505c59892) all service has been fetch
 2018-10-03 17:14:58.810 DEBUG C02VJ0KCHTDG --- [tp1680684273-39] c.e.d.RequestLoggerFactory               : (0b3025c2-f093-411b-9f5d-934f6d0e8e80) create logger factory for 0b3025c2-f093-411b-9f5d-934f6d0e8e80
 2018-10-03 17:14:58.812 DEBUG C02VJ0KCHTDG --- [tp1680684273-39] c.e.d.RequestLogger                      : (0b3025c2-f093-411b-9f5d-934f6d0e8e80) requesting https://b0.shp.tw1.yahoo.com:4443/v4/productBundles/7368595
 2018-10-03 17:14:58.813 DEBUG C02VJ0KCHTDG --- [tp1680684273-39] c.e.d.RequestLogger                      : (0b3025c2-f093-411b-9f5d-934f6d0e8e80) requesting http://httpbin.org/get?foo=bar
 2018-10-03 17:14:58.815 DEBUG C02VJ0KCHTDG --- [tp1680684273-39] c.e.d.RequestLogger                      : (0b3025c2-f093-411b-9f5d-934f6d0e8e80) requesting http://ws0.shp.tw1.yahoo.com:4080/Webservice/GetGdData?gdid=7368595
 2018-10-03 17:14:58.944 DEBUG C02VJ0KCHTDG --- [cHttpClient-3-7] c.e.d.RequestLogger                      : (0b3025c2-f093-411b-9f5d-934f6d0e8e80) complete request https://b0.shp.tw1.yahoo.com:4443/v4/productBundles/7368595 in 132 ms
 2018-10-03 17:14:58.948 DEBUG C02VJ0KCHTDG --- [cHttpClient-3-9] c.e.d.RequestLogger                      : (0b3025c2-f093-411b-9f5d-934f6d0e8e80) complete request http://ws0.shp.tw1.yahoo.com:4080/Webservice/GetGdData?gdid=7368595 in 133 ms
 2018-10-03 17:14:59.289 DEBUG C02VJ0KCHTDG --- [cHttpClient-3-8] c.e.d.RequestLogger                      : (0b3025c2-f093-411b-9f5d-934f6d0e8e80) complete request http://httpbin.org/get?foo=bar in 476 ms
 2018-10-03 17:14:59.289 DEBUG C02VJ0KCHTDG --- [tp1680684273-39] c.e.d.SampleClient                       : (0b3025c2-f093-411b-9f5d-934f6d0e8e80) all service has been fetch
